# JRE version: Java(TM) SE Runtime Environment (8.0_171-b11) (build 1.8.0_171-b11)
# Java VM: Java HotSpot(TM) 64-Bit Server VM (25.171-b11 mixed mode windows-amd64 compressed oops)
Heap:
 PSYoungGen      total 925696K, used 435989K [0x000000076b400000, 0x00000007c0000000, 0x00000007c0000000)
  eden space 462848K, 94% used [0x000000076b400000,0x0000000785dc5690,0x0000000787800000)
  from space 462848K, 0% used [0x00000007a3c00000,0x00000007a3c00000,0x00000007c0000000)
  to   space 462848K, 0% used [0x0000000787800000,0x0000000787800000,0x00000007a3c00000)
 ParOldGen       total 2777088K, used 2777082K [0x00000006c1c00000, 0x000000076b400000, 0x000000076b400000)
  object space 2777088K, 99% used [0x00000006c1c00000,0x000000076b3feb28,0x000000076b400000)
 Metaspace       used 15589K, capacity 15886K, committed 16256K, reserved 1064960K
  class space    used 1481K, capacity 1556K, committed 1664K, reserved 1048576K
GC Heap History (10 events):
Event: 441.506 GC heap before
{Heap before GC invocations=190 (full 164):
 PSYoungGen      total 925696K, used 462848K [0x000000076b400000, 0x00000007c0000000, 0x00000007c0000000)
  eden space 462848K, 100% used [0x000000076b400000,0x0000000787800000,0x0000000787800000)
  from space 462848K, 0% used [0x00000007a3c00000,0x00000007a3c00000,0x00000007c0000000)
  to   space 462848K, 0% used [0x0000000787800000,0x0000000787800000,0x00000007a3c00000)
 ParOldGen       total 2777088K, used 2777079K [0x00000006c1c00000, 0x000000076b400000, 0x000000076b400000)
  object space 2777088K, 99% used [0x00000006c1c00000,0x000000076b3fdda8,0x000000076b400000)
 Metaspace       used 15419K, capacity 15690K, committed 16000K, reserved 1062912K
  class space    used 1457K, capacity 1534K, committed 1664K, reserved 1048576K
Event: 442.015 GC heap after
Heap after GC invocations=190 (full 164):
 PSYoungGen      total 925696K, used 462492K [0x000000076b400000, 0x00000007c0000000, 0x00000007c0000000)
  eden space 462848K, 99% used [0x000000076b400000,0x00000007877a7020,0x0000000787800000)
  from space 462848K, 0% used [0x00000007a3c00000,0x00000007a3c00000,0x00000007c0000000)
  to   space 462848K, 0% used [0x0000000787800000,0x0000000787800000,0x00000007a3c00000)
 ParOldGen       total 2777088K, used 2776935K [0x00000006c1c00000, 0x000000076b400000, 0x000000076b400000)
  object space 2777088K, 99% used [0x00000006c1c00000,0x000000076b3d9d60,0x000000076b400000)
 Metaspace       used 15419K, capacity 15690K, committed 16000K, reserved 1062912K
  class space    used 1457K, capacity 1534K, committed 1664K, reserved 1048576K
}
Event: 442.017 GC heap before
{Heap before GC invocations=191 (full 165):
 PSYoungGen      total 925696K, used 462848K [0x000000076b400000, 0x00000007c0000000, 0x00000007c0000000)
  eden space 462848K, 100% used [0x000000076b400000,0x0000000787800000,0x0000000787800000)
  from space 462848K, 0% used [0x00000007a3c00000,0x00000007a3c00000,0x00000007c0000000)
  to   space 462848K, 0% used [0x0000000787800000,0x0000000787800000,0x00000007a3c00000)
 ParOldGen       total 2777088K, used 2777046K [0x00000006c1c00000, 0x000000076b400000, 0x000000076b400000)
  object space 2777088K, 99% used [0x00000006c1c00000,0x000000076b3f5aa8,0x000000076b400000)
 Metaspace       used 15420K, capacity 15690K, committed 16000K, reserved 1062912K
  class space    used 1457K, capacity 1534K, committed 1664K, reserved 1048576K
Event: 442.546 GC heap after
Heap after GC invocations=191 (full 165):
 PSYoungGen      total 925696K, used 462441K [0x000000076b400000, 0x00000007c0000000, 0x00000007c0000000)
  eden space 462848K, 99% used [0x000000076b400000,0x000000078779a718,0x0000000787800000)
  from space 462848K, 0% used [0x00000007a3c00000,0x00000007a3c00000,0x00000007c0000000)
  to   space 462848K, 0% used [0x0000000787800000,0x0000000787800000,0x00000007a3c00000)
 ParOldGen       total 2777088K, used 2777004K [0x00000006c1c00000, 0x000000076b400000, 0x000000076b400000)
  object space 2777088K, 99% used [0x00000006c1c00000,0x000000076b3eb0f0,0x000000076b400000)
 Metaspace       used 15420K, capacity 15690K, committed 16000K, reserved 1062912K
  class space    used 1457K, capacity 1534K, committed 1664K, reserved 1048576K
}
Event: 442.548 GC heap before
{Heap before GC invocations=192 (full 166):
 PSYoungGen      total 925696K, used 462848K [0x000000076b400000, 0x00000007c0000000, 0x00000007c0000000)
  eden space 462848K, 100% used [0x000000076b400000,0x0000000787800000,0x0000000787800000)
  from space 462848K, 0% used [0x00000007a3c00000,0x00000007a3c00000,0x00000007c0000000)
  to   space 462848K, 0% used [0x0000000787800000,0x0000000787800000,0x00000007a3c00000)
 ParOldGen       total 2777088K, used 2777004K [0x00000006c1c00000, 0x000000076b400000, 0x000000076b400000)
  object space 2777088K, 99% used [0x00000006c1c00000,0x000000076b3eb0f0,0x000000076b400000)
 Metaspace       used 15422K, capacity 15690K, committed 16000K, reserved 1062912K
  class space    used 1458K, capacity 1534K, committed 1664K, reserved 1048576K
Event: 443.089 GC heap after
Heap after GC invocations=192 (full 166):
 PSYoungGen      total 925696K, used 462278K [0x000000076b400000, 0x00000007c0000000, 0x00000007c0000000)
  eden space 462848K, 99% used [0x000000076b400000,0x0000000787771858,0x0000000787800000)
  from space 462848K, 0% used [0x00000007a3c00000,0x00000007a3c00000,0x00000007c0000000)
  to   space 462848K, 0% used [0x0000000787800000,0x0000000787800000,0x00000007a3c00000)
 ParOldGen       total 2777088K, used 2776819K [0x00000006c1c00000, 0x000000076b400000, 0x000000076b400000)
  object space 2777088K, 99% used [0x00000006c1c00000,0x000000076b3bcdf8,0x000000076b400000)
 Metaspace       used 15422K, capacity 15690K, committed 16000K, reserved 1062912K
  class space    used 1458K, capacity 1534K, committed 1664K, reserved 1048576K
}
Event: 443.095 GC heap before
{Heap before GC invocations=193 (full 167):
 PSYoungGen      total 925696K, used 462841K [0x000000076b400000, 0x00000007c0000000, 0x00000007c0000000)
  eden space 462848K, 99% used [0x000000076b400000,0x00000007877fe420,0x0000000787800000)
  from space 462848K, 0% used [0x00000007a3c00000,0x00000007a3c00000,0x00000007c0000000)
  to   space 462848K, 0% used [0x0000000787800000,0x0000000787800000,0x00000007a3c00000)
 ParOldGen       total 2777088K, used 2776819K [0x00000006c1c00000, 0x000000076b400000, 0x000000076b400000)
  object space 2777088K, 99% used [0x00000006c1c00000,0x000000076b3bcdf8,0x000000076b400000)
 Metaspace       used 15469K, capacity 15708K, committed 16000K, reserved 1062912K
  class space    used 1464K, capacity 1537K, committed 1664K, reserved 1048576K
Event: 443.649 GC heap after
Heap after GC invocations=193 (full 167):
 PSYoungGen      total 925696K, used 462116K [0x000000076b400000, 0x00000007c0000000, 0x00000007c0000000)
  eden space 462848K, 99% used [0x000000076b400000,0x0000000787749040,0x0000000787800000)
  from space 462848K, 0% used [0x00000007a3c00000,0x00000007a3c00000,0x00000007c0000000)
  to   space 462848K, 0% used [0x0000000787800000,0x0000000787800000,0x00000007a3c00000)
 ParOldGen       total 2777088K, used 2776778K [0x00000006c1c00000, 0x000000076b400000, 0x000000076b400000)
  object space 2777088K, 99% used [0x00000006c1c00000,0x000000076b3b29a8,0x000000076b400000)
 Metaspace       used 15457K, capacity 15690K, committed 16000K, reserved 1062912K
  class space    used 1463K, capacity 1534K, committed 1664K, reserved 1048576K
}
Event: 443.652 GC heap before
{Heap before GC invocations=194 (full 168):
 PSYoungGen      total 925696K, used 462845K [0x000000076b400000, 0x00000007c0000000, 0x00000007c0000000)
  eden space 462848K, 99% used [0x000000076b400000,0x00000007877ff578,0x0000000787800000)
  from space 462848K, 0% used [0x00000007a3c00000,0x00000007a3c00000,0x00000007c0000000)
  to   space 462848K, 0% used [0x0000000787800000,0x0000000787800000,0x00000007a3c00000)
 ParOldGen       total 2777088K, used 2776778K [0x00000006c1c00000, 0x000000076b400000, 0x000000076b400000)
  object space 2777088K, 99% used [0x00000006c1c00000,0x000000076b3b29a8,0x000000076b400000)
 Metaspace       used 15464K, capacity 15690K, committed 16000K, reserved 1062912K
  class space    used 1464K, capacity 1534K, committed 1664K, reserved 1048576K
Event: 444.134 GC heap after
Heap after GC invocations=194 (full 168):
 PSYoungGen      total 925696K, used 373573K [0x000000076b400000, 0x00000007c0000000, 0x00000007c0000000)
  eden space 462848K, 80% used [0x000000076b400000,0x00000007820d15f8,0x0000000787800000)
  from space 462848K, 0% used [0x00000007a3c00000,0x00000007a3c00000,0x00000007c0000000)
  to   space 462848K, 0% used [0x0000000787800000,0x0000000787800000,0x00000007a3c00000)
 ParOldGen       total 2777088K, used 2777082K [0x00000006c1c00000, 0x000000076b400000, 0x000000076b400000)
  object space 2777088K, 99% used [0x00000006c1c00000,0x000000076b3feb28,0x000000076b400000)
 Metaspace       used 15464K, capacity 15690K, committed 16000K, reserved 1062912K
  class space    used 1464K, capacity 1534K, committed 1664K, reserved 1048576K
}

