# JRE version: Java(TM) SE Runtime Environment (8.0_171-b11) (build 1.8.0_171-b11)
# Java VM: Java HotSpot(TM) 64-Bit Server VM (25.171-b11 mixed mode windows-amd64 compressed oops)
Heap:
 PSYoungGen      total 851968K, used 366735K [0x000000076b400000, 0x00000007bb700000, 0x00000007c0000000)
  eden space 412672K, 88% used [0x000000076b400000,0x0000000781a23fe8,0x0000000784700000)
  from space 439296K, 0% used [0x00000007a0a00000,0x00000007a0a00000,0x00000007bb700000)
  to   space 450560K, 0% used [0x0000000784700000,0x0000000784700000,0x000000079ff00000)
 ParOldGen       total 2777088K, used 2776659K [0x00000006c1c00000, 0x000000076b400000, 0x000000076b400000)
  object space 2777088K, 99% used [0x00000006c1c00000,0x000000076b394c28,0x000000076b400000)
 Metaspace       used 15524K, capacity 15780K, committed 16256K, reserved 1064960K
  class space    used 1470K, capacity 1549K, committed 1664K, reserved 1048576K
GC Heap History (10 events):
Event: 606.228 GC heap before
{Heap before GC invocations=1141 (full 1103):
 PSYoungGen      total 851968K, used 412672K [0x000000076b400000, 0x00000007bb700000, 0x00000007c0000000)
  eden space 412672K, 100% used [0x000000076b400000,0x0000000784700000,0x0000000784700000)
  from space 439296K, 0% used [0x00000007a0a00000,0x00000007a0a00000,0x00000007bb700000)
  to   space 450560K, 0% used [0x0000000784700000,0x0000000784700000,0x000000079ff00000)
 ParOldGen       total 2777088K, used 2776886K [0x00000006c1c00000, 0x000000076b400000, 0x000000076b400000)
  object space 2777088K, 99% used [0x00000006c1c00000,0x000000076b3cdbf0,0x000000076b400000)
 Metaspace       used 15439K, capacity 15702K, committed 16256K, reserved 1064960K
  class space    used 1459K, capacity 1536K, committed 1664K, reserved 1048576K
Event: 606.391 GC heap after
Heap after GC invocations=1141 (full 1103):
 PSYoungGen      total 851968K, used 412590K [0x000000076b400000, 0x00000007bb700000, 0x00000007c0000000)
  eden space 412672K, 99% used [0x000000076b400000,0x00000007846eba70,0x0000000784700000)
  from space 439296K, 0% used [0x00000007a0a00000,0x00000007a0a00000,0x00000007bb700000)
  to   space 450560K, 0% used [0x0000000784700000,0x0000000784700000,0x000000079ff00000)
 ParOldGen       total 2777088K, used 2776886K [0x00000006c1c00000, 0x000000076b400000, 0x000000076b400000)
  object space 2777088K, 99% used [0x00000006c1c00000,0x000000076b3cdbf0,0x000000076b400000)
 Metaspace       used 15439K, capacity 15702K, committed 16256K, reserved 1064960K
  class space    used 1459K, capacity 1536K, committed 1664K, reserved 1048576K
}
Event: 606.391 GC heap before
{Heap before GC invocations=1142 (full 1104):
 PSYoungGen      total 851968K, used 412671K [0x000000076b400000, 0x00000007bb700000, 0x00000007c0000000)
  eden space 412672K, 99% used [0x000000076b400000,0x00000007846ffff0,0x0000000784700000)
  from space 439296K, 0% used [0x00000007a0a00000,0x00000007a0a00000,0x00000007bb700000)
  to   space 450560K, 0% used [0x0000000784700000,0x0000000784700000,0x000000079ff00000)
 ParOldGen       total 2777088K, used 2776886K [0x00000006c1c00000, 0x000000076b400000, 0x000000076b400000)
  object space 2777088K, 99% used [0x00000006c1c00000,0x000000076b3cdbf0,0x000000076b400000)
 Metaspace       used 15439K, capacity 15702K, committed 16256K, reserved 1064960K
  class space    used 1459K, capacity 1536K, committed 1664K, reserved 1048576K
Event: 606.557 GC heap after
Heap after GC invocations=1142 (full 1104):
 PSYoungGen      total 851968K, used 412347K [0x000000076b400000, 0x00000007bb700000, 0x00000007c0000000)
  eden space 412672K, 99% used [0x000000076b400000,0x00000007846aecc0,0x0000000784700000)
  from space 439296K, 0% used [0x00000007a0a00000,0x00000007a0a00000,0x00000007bb700000)
  to   space 450560K, 0% used [0x0000000784700000,0x0000000784700000,0x000000079ff00000)
 ParOldGen       total 2777088K, used 2776870K [0x00000006c1c00000, 0x000000076b400000, 0x000000076b400000)
  object space 2777088K, 99% used [0x00000006c1c00000,0x000000076b3c98b8,0x000000076b400000)
 Metaspace       used 15439K, capacity 15702K, committed 16256K, reserved 1064960K
  class space    used 1459K, capacity 1536K, committed 1664K, reserved 1048576K
}
Event: 606.558 GC heap before
{Heap before GC invocations=1143 (full 1105):
 PSYoungGen      total 851968K, used 412672K [0x000000076b400000, 0x00000007bb700000, 0x00000007c0000000)
  eden space 412672K, 100% used [0x000000076b400000,0x0000000784700000,0x0000000784700000)
  from space 439296K, 0% used [0x00000007a0a00000,0x00000007a0a00000,0x00000007bb700000)
  to   space 450560K, 0% used [0x0000000784700000,0x0000000784700000,0x000000079ff00000)
 ParOldGen       total 2777088K, used 2776870K [0x00000006c1c00000, 0x000000076b400000, 0x000000076b400000)
  object space 2777088K, 99% used [0x00000006c1c00000,0x000000076b3c98b8,0x000000076b400000)
 Metaspace       used 15439K, capacity 15702K, committed 16256K, reserved 1064960K
  class space    used 1459K, capacity 1536K, committed 1664K, reserved 1048576K
Event: 606.714 GC heap after
Heap after GC invocations=1143 (full 1105):
 PSYoungGen      total 851968K, used 412439K [0x000000076b400000, 0x00000007bb700000, 0x00000007c0000000)
  eden space 412672K, 99% used [0x000000076b400000,0x00000007846c5f00,0x0000000784700000)
  from space 439296K, 0% used [0x00000007a0a00000,0x00000007a0a00000,0x00000007bb700000)
  to   space 450560K, 0% used [0x0000000784700000,0x0000000784700000,0x000000079ff00000)
 ParOldGen       total 2777088K, used 2776870K [0x00000006c1c00000, 0x000000076b400000, 0x000000076b400000)
  object space 2777088K, 99% used [0x00000006c1c00000,0x000000076b3c98b8,0x000000076b400000)
 Metaspace       used 15439K, capacity 15702K, committed 16256K, reserved 1064960K
  class space    used 1459K, capacity 1536K, committed 1664K, reserved 1048576K
}
Event: 606.715 GC heap before
{Heap before GC invocations=1144 (full 1106):
 PSYoungGen      total 851968K, used 412669K [0x000000076b400000, 0x00000007bb700000, 0x00000007c0000000)
  eden space 412672K, 99% used [0x000000076b400000,0x00000007846ff5b0,0x0000000784700000)
  from space 439296K, 0% used [0x00000007a0a00000,0x00000007a0a00000,0x00000007bb700000)
  to   space 450560K, 0% used [0x0000000784700000,0x0000000784700000,0x000000079ff00000)
 ParOldGen       total 2777088K, used 2776870K [0x00000006c1c00000, 0x000000076b400000, 0x000000076b400000)
  object space 2777088K, 99% used [0x00000006c1c00000,0x000000076b3c98b8,0x000000076b400000)
 Metaspace       used 15439K, capacity 15702K, committed 16256K, reserved 1064960K
  class space    used 1459K, capacity 1536K, committed 1664K, reserved 1048576K
Event: 606.875 GC heap after
Heap after GC invocations=1144 (full 1106):
 PSYoungGen      total 851968K, used 412511K [0x000000076b400000, 0x00000007bb700000, 0x00000007c0000000)
  eden space 412672K, 99% used [0x000000076b400000,0x00000007846d7db0,0x0000000784700000)
  from space 439296K, 0% used [0x00000007a0a00000,0x00000007a0a00000,0x00000007bb700000)
  to   space 450560K, 0% used [0x0000000784700000,0x0000000784700000,0x000000079ff00000)
 ParOldGen       total 2777088K, used 2776870K [0x00000006c1c00000, 0x000000076b400000, 0x000000076b400000)
  object space 2777088K, 99% used [0x00000006c1c00000,0x000000076b3c98b8,0x000000076b400000)
 Metaspace       used 15439K, capacity 15702K, committed 16256K, reserved 1064960K
  class space    used 1459K, capacity 1536K, committed 1664K, reserved 1048576K
}
Event: 606.875 GC heap before
{Heap before GC invocations=1145 (full 1107):
 PSYoungGen      total 851968K, used 412672K [0x000000076b400000, 0x00000007bb700000, 0x00000007c0000000)
  eden space 412672K, 100% used [0x000000076b400000,0x0000000784700000,0x0000000784700000)
  from space 439296K, 0% used [0x00000007a0a00000,0x00000007a0a00000,0x00000007bb700000)
  to   space 450560K, 0% used [0x0000000784700000,0x0000000784700000,0x000000079ff00000)
 ParOldGen       total 2777088K, used 2776870K [0x00000006c1c00000, 0x000000076b400000, 0x000000076b400000)
  object space 2777088K, 99% used [0x00000006c1c00000,0x000000076b3c98b8,0x000000076b400000)
 Metaspace       used 15439K, capacity 15702K, committed 16256K, reserved 1064960K
  class space    used 1459K, capacity 1536K, committed 1664K, reserved 1048576K
Event: 607.330 GC heap after
Heap after GC invocations=1145 (full 1107):
 PSYoungGen      total 851968K, used 325521K [0x000000076b400000, 0x00000007bb700000, 0x00000007c0000000)
  eden space 412672K, 78% used [0x000000076b400000,0x000000077f1e4698,0x0000000784700000)
  from space 439296K, 0% used [0x00000007a0a00000,0x00000007a0a00000,0x00000007bb700000)
  to   space 450560K, 0% used [0x0000000784700000,0x0000000784700000,0x000000079ff00000)
 ParOldGen       total 2777088K, used 2776659K [0x00000006c1c00000, 0x000000076b400000, 0x000000076b400000)
  object space 2777088K, 99% used [0x00000006c1c00000,0x000000076b394c28,0x000000076b400000)
 Metaspace       used 15439K, capacity 15702K, committed 16256K, reserved 1064960K
  class space    used 1459K, capacity 1536K, committed 1664K, reserved 1048576K
}

